<?xml version="1.0" encoding="UTF-8"?>
<!-- Generated by org.testng.reporters.JUnitReportReporter -->
<testsuite hostname="DESKTOP-BKBOQF9" failures="0" tests="1" name="com.testing.Testing_Test" time="15.056" errors="0" timestamp="2024-04-22T11:01:53 IST" skipped="0">
  <testcase classname="com.testing.Testing_Test" name="Test" time="15.056"/>
  <system-out/>
</testsuite> <!-- com.testing.Testing_Test -->
