<?xml version="1.0" encoding="UTF-8"?>
<!-- Generated by org.testng.reporters.JUnitReportReporter -->
<testsuite hostname="DESKTOP-BKBOQF9" failures="0" tests="1" name="testScript_Test" time="9.979" errors="0" timestamp="2024-04-22T10:39:26 IST" skipped="0">
  <testcase classname="testScript_Test" name="Test" time="9.979"/>
  <system-out/>
</testsuite> <!-- testScript_Test -->
